<?xml version="1.0" encoding="UTF-8"?>
<testng-results skipped="0" failed="0" ignored="0" total="2" passed="2">
  <reporter-output>
  </reporter-output>
  <suite name="Default suite" duration-ms="2530" started-at="2019-03-14T01:53:18Z" finished-at="2019-03-14T01:53:21Z">
    <groups>
    </groups>
    <test name="Default test" duration-ms="2530" started-at="2019-03-14T01:53:18Z" finished-at="2019-03-14T01:53:21Z">
      <class name="demo1.PostTest">
        <test-method status="PASS" signature="addPlace()[pri:0, instance:demo1.PostTest@68c4039c]" name="addPlace" duration-ms="2198" started-at="2019-03-14T01:53:18Z" finished-at="2019-03-14T01:53:21Z">
          <reporter-output>
          </reporter-output>
        </test-method> <!-- addPlace -->
        <test-method status="PASS" signature="deletePlace()[pri:1, instance:demo1.PostTest@68c4039c]" name="deletePlace" duration-ms="294" started-at="2019-03-14T01:53:21Z" finished-at="2019-03-14T01:53:21Z">
          <reporter-output>
          </reporter-output>
        </test-method> <!-- deletePlace -->
      </class> <!-- demo1.PostTest -->
    </test> <!-- Default test -->
  </suite> <!-- Default suite -->
</testng-results>
