<?xml version="1.0" encoding="UTF-8"?>
<testng-results skipped="0" failed="0" ignored="0" total="3" passed="3">
  <reporter-output>
  </reporter-output>
  <suite name="Default suite" duration-ms="2827" started-at="2019-05-15T01:20:39Z" finished-at="2019-05-15T01:20:42Z">
    <groups>
    </groups>
    <test name="Default test" duration-ms="2827" started-at="2019-05-15T01:20:39Z" finished-at="2019-05-15T01:20:42Z">
      <class name="JiraApI.JiraAPI">
        <test-method status="PASS" signature="getData()[pri:0, instance:JiraApI.JiraAPI@5e3a8624]" name="getData" is-config="true" duration-ms="17" started-at="2019-05-15T01:20:39Z" finished-at="2019-05-15T01:20:39Z">
          <reporter-output>
          </reporter-output>
        </test-method> <!-- getData -->
        <test-method status="PASS" signature="createIssue()[pri:1, instance:JiraApI.JiraAPI@5e3a8624]" name="createIssue" duration-ms="2509" started-at="2019-05-15T01:20:39Z" finished-at="2019-05-15T01:20:42Z">
          <reporter-output>
          </reporter-output>
        </test-method> <!-- createIssue -->
        <test-method status="PASS" signature="addComment()[pri:2, instance:JiraApI.JiraAPI@5e3a8624]" name="addComment" duration-ms="144" started-at="2019-05-15T01:20:42Z" finished-at="2019-05-15T01:20:42Z">
          <reporter-output>
          </reporter-output>
        </test-method> <!-- addComment -->
        <test-method status="PASS" signature="updateComment()[pri:3, instance:JiraApI.JiraAPI@5e3a8624]" name="updateComment" duration-ms="115" started-at="2019-05-15T01:20:42Z" finished-at="2019-05-15T01:20:42Z">
          <reporter-output>
          </reporter-output>
        </test-method> <!-- updateComment -->
      </class> <!-- JiraApI.JiraAPI -->
    </test> <!-- Default test -->
  </suite> <!-- Default suite -->
</testng-results>
